<?xml version="1.0" encoding="UTF-8"?>
<testng-results ignored="0" total="2" passed="2" failed="0" skipped="0">
  <reporter-output>
  </reporter-output>
  <suite started-at="2024-11-29T11:01:58 IST" name="Suite" finished-at="2024-11-29T11:02:04 IST" duration-ms="5939">
    <groups>
    </groups>
    <test started-at="2024-11-29T11:01:58 IST" name="Test" finished-at="2024-11-29T11:02:04 IST" duration-ms="5939">
      <class name="Sample1.Demo1">
        <test-method signature="TC1()[pri:0, instance:Sample1.Demo1@5119fb47]" started-at="2024-11-29T11:01:58 IST" name="TC1" finished-at="2024-11-29T11:02:04 IST" duration-ms="5902" status="PASS">
          <reporter-output>
          </reporter-output>
        </test-method> <!-- TC1 -->
      </class> <!-- Sample1.Demo1 -->
    </test> <!-- Test -->
  </suite> <!-- Suite -->
  <suite started-at="2024-11-29T11:02:04 IST" name="Suite (0)" finished-at="2024-11-29T11:02:09 IST" duration-ms="5188">
    <groups>
    </groups>
    <test started-at="2024-11-29T11:02:04 IST" name="Test" finished-at="2024-11-29T11:02:09 IST" duration-ms="5188">
      <class name="Sample1.Demo2">
        <test-method signature="TC1()[pri:0, instance:Sample1.Demo2@79e2c065]" started-at="2024-11-29T11:02:04 IST" name="TC1" finished-at="2024-11-29T11:02:09 IST" duration-ms="5185" status="PASS">
          <reporter-output>
          </reporter-output>
        </test-method> <!-- TC1 -->
      </class> <!-- Sample1.Demo2 -->
    </test> <!-- Test -->
  </suite> <!-- Suite (0) -->
</testng-results>
