<?xml version="1.0" encoding="UTF-8"?>
<testng-results ignored="0" total="1" passed="1" failed="0" skipped="0">
  <reporter-output>
  </reporter-output>
  <suite started-at="2024-11-29T10:56:50 IST" name="Suite" finished-at="2024-11-29T10:56:56 IST" duration-ms="6307">
    <groups>
    </groups>
    <test started-at="2024-11-29T10:56:50 IST" name="Test" finished-at="2024-11-29T10:56:56 IST" duration-ms="6307">
      <class name="Sample1.Demo2">
        <test-method signature="TC1()[pri:0, instance:Sample1.Demo2@158da8e]" started-at="2024-11-29T10:56:50 IST" name="TC1" finished-at="2024-11-29T10:56:56 IST" duration-ms="6266" status="PASS">
          <reporter-output>
          </reporter-output>
        </test-method> <!-- TC1 -->
      </class> <!-- Sample1.Demo2 -->
    </test> <!-- Test -->
  </suite> <!-- Suite -->
</testng-results>
